c:\users\97254\source\repos\ksortedarrays\ksortedarrays\x64\debug\vc142.pdb
c:\users\97254\source\repos\ksortedarrays\ksortedarrays\x64\debug\vc142.idb
c:\users\97254\source\repos\ksortedarrays\ksortedarrays\x64\debug\minheap.obj
c:\users\97254\source\repos\ksortedarrays\ksortedarrays\x64\debug\main.obj
c:\users\97254\source\repos\ksortedarrays\ksortedarrays\x64\debug\functions.obj
c:\users\97254\source\repos\ksortedarrays\x64\debug\ksortedarrays.pdb
c:\users\97254\source\repos\ksortedarrays\ksortedarrays\x64\debug\ksortedarrays.tlog\cl.command.1.tlog
c:\users\97254\source\repos\ksortedarrays\ksortedarrays\x64\debug\ksortedarrays.tlog\cl.read.1.tlog
c:\users\97254\source\repos\ksortedarrays\ksortedarrays\x64\debug\ksortedarrays.tlog\cl.write.1.tlog
c:\users\97254\source\repos\ksortedarrays\ksortedarrays\x64\debug\ksortedarrays.tlog\link-cvtres.read.1.tlog
c:\users\97254\source\repos\ksortedarrays\ksortedarrays\x64\debug\ksortedarrays.tlog\link-cvtres.write.1.tlog
c:\users\97254\source\repos\ksortedarrays\ksortedarrays\x64\debug\ksortedarrays.tlog\link-rc.read.1.tlog
c:\users\97254\source\repos\ksortedarrays\ksortedarrays\x64\debug\ksortedarrays.tlog\link-rc.write.1.tlog
c:\users\97254\source\repos\ksortedarrays\ksortedarrays\x64\debug\ksortedarrays.tlog\link.19876-cvtres.read.1.tlog
c:\users\97254\source\repos\ksortedarrays\ksortedarrays\x64\debug\ksortedarrays.tlog\link.19876-cvtres.write.1.tlog
c:\users\97254\source\repos\ksortedarrays\ksortedarrays\x64\debug\ksortedarrays.tlog\link.19876-rc.read.1.tlog
c:\users\97254\source\repos\ksortedarrays\ksortedarrays\x64\debug\ksortedarrays.tlog\link.19876-rc.write.1.tlog
c:\users\97254\source\repos\ksortedarrays\ksortedarrays\x64\debug\ksortedarrays.tlog\link.19876.read.1.tlog
c:\users\97254\source\repos\ksortedarrays\ksortedarrays\x64\debug\ksortedarrays.tlog\link.19876.write.1.tlog
c:\users\97254\source\repos\ksortedarrays\ksortedarrays\x64\debug\ksortedarrays.tlog\link.command.1.tlog
c:\users\97254\source\repos\ksortedarrays\ksortedarrays\x64\debug\ksortedarrays.tlog\link.read.1.tlog
c:\users\97254\source\repos\ksortedarrays\ksortedarrays\x64\debug\ksortedarrays.tlog\link.write.1.tlog
